<?xml version="1.0" encoding="UTF-8"?>
<testsuite xmlns:xsi="http://www.w3.org/2001/XMLSchema-instance" xsi:noNamespaceSchemaLocation="https://maven.apache.org/surefire/maven-surefire-plugin/xsd/surefire-test-report-3.0.xsd" version="3.0" name="todo.TaskManagerTest" time="0.121" tests="8" errors="0" skipped="0" failures="0">
  <properties>
[...]
</properties>
  <testcase name="addTaskWithEmptyTitleThrowsException" classname="todo.TaskManagerTest" time="0.064"/>
  <testcase name="addTaskIncreasesSize" classname="todo.TaskManagerTest" time="0.002"/>
  <testcase name="completeNonExistentTaskReturnsFalse" classname="todo.TaskManagerTest" time="0.002"/>
  <testcase name="deleteTaskRemovesIt" classname="todo.TaskManagerTest" time="0.002"/>
  <testcase name="completeTaskMarksItAsDone" classname="todo.TaskManagerTest" time="0.0"/>
  <testcase name="deleteNonExistentTaskReturnsFalse" classname="todo.TaskManagerTest" time="0.008"/>
  <testcase name="getTasksByPriorityReturnsSortedList" classname="todo.TaskManagerTest" time="0.002"/>
  <testcase name="getPendingTasksExcludesCompleted" classname="todo.TaskManagerTest" time="0.0"/>
</testsuite>